<?xml version="1.0" encoding="UTF-8"?>
<!-- Generated by org.testng.reporters.JUnitXMLReporter -->
<testsuite ignored="3" hostname="DESKTOP-9B3BV7M" failures="0" tests="0" time="0.014" errors="0" timestamp="2023-10-07T00:08:22 EDT">
  <testcase classname="TestNG1.Days8d" name="TestCase_Thirteen" time="0.0">
    <ignored/>
  </testcase> <!-- TestCase_Thirteen -->
  <testcase classname="TestNG1.Days8d" name="TestCase_Twelve" time="0.0">
    <ignored/>
  </testcase> <!-- TestCase_Twelve -->
  <testcase classname="TestNG1.Days8d" name="TestCase_Eleven" time="0.0">
    <ignored/>
  </testcase> <!-- TestCase_Eleven -->
</testsuite>
