<?xml version="1.0" encoding="UTF-8"?>
<!-- Generated by org.testng.reporters.JUnitXMLReporter -->
<testsuite ignored="4" hostname="DESKTOP-9B3BV7M" failures="0" tests="1" name="Default test" time="4.675" errors="0" timestamp="2023-10-07T21:27:08 EDT">
  <testcase classname="October.Test_Four" name="TestCase1" time="0.209"/>
  <testcase classname="October.Test_Four" name="TestCase0" time="0.0">
    <ignored/>
  </testcase> <!-- TestCase0 -->
  <testcase classname="October.Test_Four" name="TestCase2" time="0.0">
    <ignored/>
  </testcase> <!-- TestCase2 -->
  <testcase classname="October.Test_Four" name="TestCase3" time="0.0">
    <ignored/>
  </testcase> <!-- TestCase3 -->
  <testcase classname="October.Test_Four" name="TestCase4" time="0.0">
    <ignored/>
  </testcase> <!-- TestCase4 -->
</testsuite> <!-- Default test -->
