<?xml version="1.0" encoding="UTF-8"?>
<!-- Generated by org.testng.reporters.JUnitXMLReporter -->
<testsuite ignored="3" hostname="DESKTOP-9B3BV7M" failures="0" tests="0" time="0.032" errors="0" timestamp="2023-10-07T13:04:36 EDT">
  <testcase classname="TestNG1.Days8c" name="TestCase_Eight" time="0.0">
    <ignored/>
  </testcase> <!-- TestCase_Eight -->
  <testcase classname="TestNG1.Days8c" name="TestCase_Nine" time="0.0">
    <ignored/>
  </testcase> <!-- TestCase_Nine -->
  <testcase classname="TestNG1.Days8c" name="TestCase_Ten" time="0.0">
    <ignored/>
  </testcase> <!-- TestCase_Ten -->
</testsuite>
