<?xml version="1.0" encoding="UTF-8"?>
<!-- Generated by org.testng.reporters.JUnitXMLReporter -->
<testsuite ignored="3" hostname="DESKTOP-9B3BV7M" failures="0" tests="0" time="0.002" errors="0" timestamp="2023-10-07T13:06:06 EDT">
  <testcase classname="TestNG1.Days8" name="TestCase_one" time="0.0">
    <ignored/>
  </testcase> <!-- TestCase_one -->
  <testcase classname="TestNG1.Days8" name="TestCase_two" time="0.0">
    <ignored/>
  </testcase> <!-- TestCase_two -->
  <testcase classname="TestNG1.Days8" name="TestCase_three" time="0.0">
    <ignored/>
  </testcase> <!-- TestCase_three -->
</testsuite>
