<?xml version="1.0" encoding="UTF-8"?>
<!-- Generated by org.testng.reporters.JUnitXMLReporter -->
<testsuite ignored="2" hostname="DESKTOP-9B3BV7M" failures="0" tests="4" name="Test" time="0.091" errors="0" timestamp="2023-10-07T22:27:14 EDT">
  <testcase classname="October.day12" name="testCase1" time="0.01"/>
  <testcase classname="October.day12" name="testCase2" time="0.004"/>
  <testcase classname="October.day12" name="testCase3" time="0.003"/>
  <testcase classname="October.day12a" name="testCase5" time="0.008"/>
  <testcase classname="October.day12a" name="testCase6" time="0.0">
    <ignored/>
  </testcase> <!-- testCase6 -->
  <testcase classname="October.day12a" name="testCase4" time="0.0">
    <ignored/>
  </testcase> <!-- testCase4 -->
</testsuite> <!-- Test -->
