<?xml version="1.0" encoding="UTF-8"?>
<!-- Generated by org.testng.reporters.JUnitXMLReporter -->
<testsuite ignored="2" hostname="DESKTOP-9B3BV7M" failures="0" tests="2" name="Test" time="14.864" errors="0" timestamp="2023-10-08T22:50:56 EDT">
  <testcase classname="Exam.ExamFour" name="TestCase_one" time="6.096"/>
  <testcase classname="Exam.ExamFour" name="TestCase_three" time="5.448"/>
  <testcase classname="Exam.ExamFour" name="TestCase_two" time="0.0">
    <ignored/>
  </testcase> <!-- TestCase_two -->
  <testcase classname="Exam.ExamFour" name="TestCase_four" time="0.0">
    <ignored/>
  </testcase> <!-- TestCase_four -->
</testsuite> <!-- Test -->
