<?xml version="1.0" encoding="UTF-8"?>
<!-- Generated by org.testng.reporters.JUnitXMLReporter -->
<testsuite ignored="1" hostname="DESKTOP-9B3BV7M" failures="0" tests="2" name="Test8c" time="0.055" errors="0" timestamp="2023-10-07T00:04:59 EDT">
  <testcase classname="TestNG1.Days8c" name="TestCase_Eight" time="0.01"/>
  <testcase classname="TestNG1.Days8c" name="TestCase_Ten" time="0.001"/>
  <testcase classname="TestNG1.Days8c" name="TestCase_Nine" time="0.0">
    <ignored/>
  </testcase> <!-- TestCase_Nine -->
</testsuite> <!-- Test8c -->
